<?xml version="1.0" encoding="UTF-8"?>
<!-- Generated by org.testng.reporters.JUnitReportReporter -->
<testsuite hostname="DESKTOP-PF389D4" failures="0" tests="1" name="TestCases.NewTest" time="15.013" errors="0" timestamp="2023-08-28T17:58:58 IST" skipped="0">
  <testcase classname="TestCases.NewTest" name="f" time="15.013"/>
  <system-out/>
</testsuite> <!-- TestCases.NewTest -->
