<?xml version="1.0" encoding="UTF-8"?>
<!-- Generated by org.testng.reporters.JUnitReportReporter -->
<testsuite hostname="DESKTOP-3R0P461" failures="0" tests="8" name="TestCases.TestCases_Amazon" time="163.447" errors="0" timestamp="2023-10-05T15:02:37 IST" skipped="0">
  <testcase classname="TestCases.TestCases_Amazon" name="test1" time="24.537"/>
  <system-out/>
  <testcase classname="TestCases.TestCases_Amazon" name="test2" time="4.887"/>
  <system-out/>
  <testcase classname="TestCases.TestCases_Amazon" name="test3" time="33.648"/>
  <system-out/>
  <testcase classname="TestCases.TestCases_Amazon" name="test4" time="33.352"/>
  <system-out/>
  <testcase classname="TestCases.TestCases_Amazon" name="test5" time="14.548"/>
  <system-out/>
  <testcase classname="TestCases.TestCases_Amazon" name="test6" time="25.143"/>
  <system-out/>
  <testcase classname="TestCases.TestCases_Amazon" name="test7" time="4.452"/>
  <system-out/>
  <testcase classname="TestCases.TestCases_Amazon" name="test8" time="22.880"/>
  <system-out/>
</testsuite> <!-- TestCases.TestCases_Amazon -->
